[0.121s] Invoking command in '/home/asabe/Documents/asabe-robot-2023/build/asabe_robot_description': CMAKE_PREFIX_PATH=${CMAKE_PREFIX_PATH}:/opt/ros/humble /usr/bin/cmake --build /home/asabe/Documents/asabe-robot-2023/build/asabe_robot_description -- -j4 -l4
[0.416s] Invoked command in '/home/asabe/Documents/asabe-robot-2023/build/asabe_robot_description' returned '0': CMAKE_PREFIX_PATH=${CMAKE_PREFIX_PATH}:/opt/ros/humble /usr/bin/cmake --build /home/asabe/Documents/asabe-robot-2023/build/asabe_robot_description -- -j4 -l4
[0.674s] Invoking command in '/home/asabe/Documents/asabe-robot-2023/build/asabe_robot_description': CMAKE_PREFIX_PATH=${CMAKE_PREFIX_PATH}:/opt/ros/humble /usr/bin/cmake --install /home/asabe/Documents/asabe-robot-2023/build/asabe_robot_description
[0.736s] -- Install configuration: ""
[0.740s] -- Execute custom install script
[0.750s] -- Up-to-date symlink: /home/asabe/Documents/asabe-robot-2023/install/asabe_robot_description/share/asabe_robot_description/./CMakeLists.txt
[0.752s] -- Up-to-date symlink: /home/asabe/Documents/asabe-robot-2023/install/asabe_robot_description/share/asabe_robot_description/./config/control.yaml
[0.753s] -- Up-to-date symlink: /home/asabe/Documents/asabe-robot-2023/install/asabe_robot_description/share/asabe_robot_description/./config/ekf.yaml
[0.757s] -- Up-to-date symlink: /home/asabe/Documents/asabe-robot-2023/install/asabe_robot_description/share/asabe_robot_description/./config/nav.yaml
[0.761s] -- Up-to-date symlink: /home/asabe/Documents/asabe-robot-2023/install/asabe_robot_description/share/asabe_robot_description/./export.log
[0.764s] -- Up-to-date symlink: /home/asabe/Documents/asabe-robot-2023/install/asabe_robot_description/share/asabe_robot_description/./launch/control.launch.py
[0.767s] -- Up-to-date symlink: /home/asabe/Documents/asabe-robot-2023/install/asabe_robot_description/share/asabe_robot_description/./launch/control_mecanum.launch.py
[0.771s] -- Up-to-date symlink: /home/asabe/Documents/asabe-robot-2023/install/asabe_robot_description/share/asabe_robot_description/./launch/display.launch.py
[0.774s] -- Up-to-date symlink: /home/asabe/Documents/asabe-robot-2023/install/asabe_robot_description/share/asabe_robot_description/./launch/display_mecanum.launch.py
[0.776s] -- Up-to-date symlink: /home/asabe/Documents/asabe-robot-2023/install/asabe_robot_description/share/asabe_robot_description/./launch/gazebo.launch.py
[0.780s] -- Up-to-date symlink: /home/asabe/Documents/asabe-robot-2023/install/asabe_robot_description/share/asabe_robot_description/./launch/loc.launch.py
[0.781s] -- Up-to-date symlink: /home/asabe/Documents/asabe-robot-2023/install/asabe_robot_description/share/asabe_robot_description/./launch/localization_launch.py
[0.782s] -- Up-to-date symlink: /home/asabe/Documents/asabe-robot-2023/install/asabe_robot_description/share/asabe_robot_description/./launch/nav.launch.py
[0.785s] -- Up-to-date symlink: /home/asabe/Documents/asabe-robot-2023/install/asabe_robot_description/share/asabe_robot_description/./launch/nav2_bringup_launch.py
[0.791s] -- Up-to-date symlink: /home/asabe/Documents/asabe-robot-2023/install/asabe_robot_description/share/asabe_robot_description/./launch/navigation_launch.py
[0.796s] -- Up-to-date symlink: /home/asabe/Documents/asabe-robot-2023/install/asabe_robot_description/share/asabe_robot_description/./launch/slam_launch.py
[0.799s] -- Up-to-date symlink: /home/asabe/Documents/asabe-robot-2023/install/asabe_robot_description/share/asabe_robot_description/./maps/cotton_map.pgm
[0.800s] -- Up-to-date symlink: /home/asabe/Documents/asabe-robot-2023/install/asabe_robot_description/share/asabe_robot_description/./maps/cotton_map.yaml
[0.802s] -- Up-to-date symlink: /home/asabe/Documents/asabe-robot-2023/install/asabe_robot_description/share/asabe_robot_description/./maps/map.pgm
[0.805s] -- Up-to-date symlink: /home/asabe/Documents/asabe-robot-2023/install/asabe_robot_description/share/asabe_robot_description/./maps/map.yaml
[0.808s] -- Up-to-date symlink: /home/asabe/Documents/asabe-robot-2023/install/asabe_robot_description/share/asabe_robot_description/./meshes/Link_arm1.STL
[0.809s] -- Up-to-date symlink: /home/asabe/Documents/asabe-robot-2023/install/asabe_robot_description/share/asabe_robot_description/./meshes/Link_arm2.STL
[0.811s] -- Up-to-date symlink: /home/asabe/Documents/asabe-robot-2023/install/asabe_robot_description/share/asabe_robot_description/./meshes/Link_arm3.STL
[0.816s] -- Up-to-date symlink: /home/asabe/Documents/asabe-robot-2023/install/asabe_robot_description/share/asabe_robot_description/./meshes/Link_arm4.STL
[0.817s] -- Up-to-date symlink: /home/asabe/Documents/asabe-robot-2023/install/asabe_robot_description/share/asabe_robot_description/./meshes/Link_arm5.STL
[0.821s] -- Up-to-date symlink: /home/asabe/Documents/asabe-robot-2023/install/asabe_robot_description/share/asabe_robot_description/./meshes/Link_arm6.STL
[0.822s] -- Up-to-date symlink: /home/asabe/Documents/asabe-robot-2023/install/asabe_robot_description/share/asabe_robot_description/./meshes/Link_mecanum_wheel1.STL
[0.823s] -- Up-to-date symlink: /home/asabe/Documents/asabe-robot-2023/install/asabe_robot_description/share/asabe_robot_description/./meshes/Link_mecanum_wheel2.STL
[0.824s] -- Up-to-date symlink: /home/asabe/Documents/asabe-robot-2023/install/asabe_robot_description/share/asabe_robot_description/./meshes/Link_mecanum_wheel3.STL
[0.825s] -- Up-to-date symlink: /home/asabe/Documents/asabe-robot-2023/install/asabe_robot_description/share/asabe_robot_description/./meshes/Link_mecanum_wheel4.STL
[0.825s] -- Up-to-date symlink: /home/asabe/Documents/asabe-robot-2023/install/asabe_robot_description/share/asabe_robot_description/./meshes/Link_wheel1.STL
[0.831s] -- Up-to-date symlink: /home/asabe/Documents/asabe-robot-2023/install/asabe_robot_description/share/asabe_robot_description/./meshes/Link_wheel2.STL
[0.834s] -- Up-to-date symlink: /home/asabe/Documents/asabe-robot-2023/install/asabe_robot_description/share/asabe_robot_description/./meshes/Link_wheel3.STL
[0.838s] -- Up-to-date symlink: /home/asabe/Documents/asabe-robot-2023/install/asabe_robot_description/share/asabe_robot_description/./meshes/Link_wheel4.STL
[0.840s] -- Up-to-date symlink: /home/asabe/Documents/asabe-robot-2023/install/asabe_robot_description/share/asabe_robot_description/./meshes/base_link.STL
[0.846s] -- Up-to-date symlink: /home/asabe/Documents/asabe-robot-2023/install/asabe_robot_description/share/asabe_robot_description/./meshes/mecanum_base_link.STL
[0.847s] -- Up-to-date symlink: /home/asabe/Documents/asabe-robot-2023/install/asabe_robot_description/share/asabe_robot_description/./package.xml
[0.849s] -- Up-to-date symlink: /home/asabe/Documents/asabe-robot-2023/install/asabe_robot_description/share/asabe_robot_description/./rviz/nav.rviz
[0.851s] -- Up-to-date symlink: /home/asabe/Documents/asabe-robot-2023/install/asabe_robot_description/share/asabe_robot_description/./rviz/urdf.rviz
[0.852s] -- Up-to-date symlink: /home/asabe/Documents/asabe-robot-2023/install/asabe_robot_description/share/asabe_robot_description/./textures/none.txt
[0.853s] -- Up-to-date symlink: /home/asabe/Documents/asabe-robot-2023/install/asabe_robot_description/share/asabe_robot_description/./urdf/mecanum_robot_description.urdf
[0.855s] -- Up-to-date symlink: /home/asabe/Documents/asabe-robot-2023/install/asabe_robot_description/share/asabe_robot_description/./urdf/robot_description.urdf
[0.859s] -- Up-to-date symlink: /home/asabe/Documents/asabe-robot-2023/install/asabe_robot_description/share/asabe_robot_description/./urdf/robot_description_arm.urdf
[0.861s] -- Up-to-date symlink: /home/asabe/Documents/asabe-robot-2023/install/asabe_robot_description/share/asabe_robot_description/./urdf/robot_description_base.urdf
[0.862s] -- Up-to-date symlink: /home/asabe/Documents/asabe-robot-2023/install/asabe_robot_description/share/asabe_robot_description/./world/competition_board.world
[0.863s] -- Up-to-date symlink: /home/asabe/Documents/asabe-robot-2023/install/asabe_robot_description/share/asabe_robot_description/./world/empty_world.world
[0.864s] -- Up-to-date symlink: /home/asabe/Documents/asabe-robot-2023/install/asabe_robot_description/share/asabe_robot_description/./world/models/Link_board.STL
[0.865s] -- Up-to-date symlink: /home/asabe/Documents/asabe-robot-2023/install/asabe_robot_description/share/asabe_robot_description/./world/models/competition_board/mesh/competition_board.stl
[0.866s] -- Up-to-date symlink: /home/asabe/Documents/asabe-robot-2023/install/asabe_robot_description/share/asabe_robot_description/./world/models/competition_board/mesh/competition_board1.stl
[0.866s] -- Up-to-date symlink: /home/asabe/Documents/asabe-robot-2023/install/asabe_robot_description/share/asabe_robot_description/./world/models/competition_board/model.config
[0.867s] -- Up-to-date symlink: /home/asabe/Documents/asabe-robot-2023/install/asabe_robot_description/share/asabe_robot_description/./world/models/competition_board/model.sdf
[0.868s] -- Up-to-date symlink: /home/asabe/Documents/asabe-robot-2023/install/asabe_robot_description/share/asabe_robot_description/./world/models/ripe_ball/mesh/ripe_ball.STL
[0.869s] -- Up-to-date symlink: /home/asabe/Documents/asabe-robot-2023/install/asabe_robot_description/share/asabe_robot_description/./world/models/ripe_ball/model.config
[0.870s] -- Up-to-date symlink: /home/asabe/Documents/asabe-robot-2023/install/asabe_robot_description/share/asabe_robot_description/./world/models/ripe_ball/model.sdf
[0.872s] -- Up-to-date symlink: /home/asabe/Documents/asabe-robot-2023/install/asabe_robot_description/share/asabe_robot_description/./world/models/unripe_ball/mesh/unripe_ball.STL
[0.873s] -- Up-to-date symlink: /home/asabe/Documents/asabe-robot-2023/install/asabe_robot_description/share/asabe_robot_description/./world/models/unripe_ball/model.config
[0.874s] -- Up-to-date symlink: /home/asabe/Documents/asabe-robot-2023/install/asabe_robot_description/share/asabe_robot_description/./world/models/unripe_ball/model.sdf
[0.875s] -- Up-to-date symlink: /home/asabe/Documents/asabe-robot-2023/install/asabe_robot_description/share/asabe_robot_description/launch/control.launch.py
[0.876s] -- Up-to-date symlink: /home/asabe/Documents/asabe-robot-2023/install/asabe_robot_description/share/asabe_robot_description/launch/control_mecanum.launch.py
[0.877s] -- Up-to-date symlink: /home/asabe/Documents/asabe-robot-2023/install/asabe_robot_description/share/asabe_robot_description/launch/display.launch.py
[0.878s] -- Up-to-date symlink: /home/asabe/Documents/asabe-robot-2023/install/asabe_robot_description/share/asabe_robot_description/launch/display_mecanum.launch.py
[0.880s] -- Up-to-date symlink: /home/asabe/Documents/asabe-robot-2023/install/asabe_robot_description/share/asabe_robot_description/launch/gazebo.launch.py
[0.882s] -- Up-to-date symlink: /home/asabe/Documents/asabe-robot-2023/install/asabe_robot_description/share/asabe_robot_description/launch/loc.launch.py
[0.885s] -- Up-to-date symlink: /home/asabe/Documents/asabe-robot-2023/install/asabe_robot_description/share/asabe_robot_description/launch/localization_launch.py
[0.886s] -- Up-to-date symlink: /home/asabe/Documents/asabe-robot-2023/install/asabe_robot_description/share/asabe_robot_description/launch/nav.launch.py
[0.891s] -- Up-to-date symlink: /home/asabe/Documents/asabe-robot-2023/install/asabe_robot_description/share/asabe_robot_description/launch/nav2_bringup_launch.py
[0.892s] -- Up-to-date symlink: /home/asabe/Documents/asabe-robot-2023/install/asabe_robot_description/share/asabe_robot_description/launch/navigation_launch.py
[0.894s] -- Up-to-date symlink: /home/asabe/Documents/asabe-robot-2023/install/asabe_robot_description/share/asabe_robot_description/launch/slam_launch.py
[0.895s] -- Up-to-date symlink: /home/asabe/Documents/asabe-robot-2023/install/asabe_robot_description/share/asabe_robot_description/rviz/nav.rviz
[0.896s] -- Up-to-date symlink: /home/asabe/Documents/asabe-robot-2023/install/asabe_robot_description/share/asabe_robot_description/rviz/urdf.rviz
[0.897s] -- Up-to-date symlink: /home/asabe/Documents/asabe-robot-2023/install/asabe_robot_description/share/asabe_robot_description/config/control.yaml
[0.900s] -- Up-to-date symlink: /home/asabe/Documents/asabe-robot-2023/install/asabe_robot_description/share/asabe_robot_description/config/ekf.yaml
[0.901s] -- Up-to-date symlink: /home/asabe/Documents/asabe-robot-2023/install/asabe_robot_description/share/asabe_robot_description/config/nav.yaml
[0.902s] -- Up-to-date symlink: /home/asabe/Documents/asabe-robot-2023/install/asabe_robot_description/share/asabe_robot_description/meshes/Link_arm1.STL
[0.903s] -- Up-to-date symlink: /home/asabe/Documents/asabe-robot-2023/install/asabe_robot_description/share/asabe_robot_description/meshes/Link_arm2.STL
[0.904s] -- Up-to-date symlink: /home/asabe/Documents/asabe-robot-2023/install/asabe_robot_description/share/asabe_robot_description/meshes/Link_arm3.STL
[0.905s] -- Up-to-date symlink: /home/asabe/Documents/asabe-robot-2023/install/asabe_robot_description/share/asabe_robot_description/meshes/Link_arm4.STL
[0.905s] -- Up-to-date symlink: /home/asabe/Documents/asabe-robot-2023/install/asabe_robot_description/share/asabe_robot_description/meshes/Link_arm5.STL
[0.906s] -- Up-to-date symlink: /home/asabe/Documents/asabe-robot-2023/install/asabe_robot_description/share/asabe_robot_description/meshes/Link_arm6.STL
[0.908s] -- Up-to-date symlink: /home/asabe/Documents/asabe-robot-2023/install/asabe_robot_description/share/asabe_robot_description/meshes/Link_mecanum_wheel1.STL
[0.908s] -- Up-to-date symlink: /home/asabe/Documents/asabe-robot-2023/install/asabe_robot_description/share/asabe_robot_description/meshes/Link_mecanum_wheel2.STL
[0.910s] -- Up-to-date symlink: /home/asabe/Documents/asabe-robot-2023/install/asabe_robot_description/share/asabe_robot_description/meshes/Link_mecanum_wheel3.STL
[0.911s] -- Up-to-date symlink: /home/asabe/Documents/asabe-robot-2023/install/asabe_robot_description/share/asabe_robot_description/meshes/Link_mecanum_wheel4.STL
[0.911s] -- Up-to-date symlink: /home/asabe/Documents/asabe-robot-2023/install/asabe_robot_description/share/asabe_robot_description/meshes/Link_wheel1.STL
[0.912s] -- Up-to-date symlink: /home/asabe/Documents/asabe-robot-2023/install/asabe_robot_description/share/asabe_robot_description/meshes/Link_wheel2.STL
[0.914s] -- Up-to-date symlink: /home/asabe/Documents/asabe-robot-2023/install/asabe_robot_description/share/asabe_robot_description/meshes/Link_wheel3.STL
[0.915s] -- Up-to-date symlink: /home/asabe/Documents/asabe-robot-2023/install/asabe_robot_description/share/asabe_robot_description/meshes/Link_wheel4.STL
[0.915s] -- Up-to-date symlink: /home/asabe/Documents/asabe-robot-2023/install/asabe_robot_description/share/asabe_robot_description/meshes/base_link.STL
[0.916s] -- Up-to-date symlink: /home/asabe/Documents/asabe-robot-2023/install/asabe_robot_description/share/asabe_robot_description/meshes/mecanum_base_link.STL
[0.918s] -- Up-to-date symlink: /home/asabe/Documents/asabe-robot-2023/install/asabe_robot_description/share/asabe_robot_description/urdf/mecanum_robot_description.urdf
[0.918s] -- Up-to-date symlink: /home/asabe/Documents/asabe-robot-2023/install/asabe_robot_description/share/asabe_robot_description/urdf/robot_description.urdf
[0.920s] -- Up-to-date symlink: /home/asabe/Documents/asabe-robot-2023/install/asabe_robot_description/share/asabe_robot_description/urdf/robot_description_arm.urdf
[0.920s] -- Up-to-date symlink: /home/asabe/Documents/asabe-robot-2023/install/asabe_robot_description/share/asabe_robot_description/urdf/robot_description_base.urdf
[0.921s] -- Up-to-date symlink: /home/asabe/Documents/asabe-robot-2023/install/asabe_robot_description/share/asabe_robot_description/textures/none.txt
[0.922s] -- Up-to-date symlink: /home/asabe/Documents/asabe-robot-2023/install/asabe_robot_description/share/asabe_robot_description/world/competition_board.world
[0.923s] -- Up-to-date symlink: /home/asabe/Documents/asabe-robot-2023/install/asabe_robot_description/share/asabe_robot_description/world/empty_world.world
[0.924s] -- Up-to-date symlink: /home/asabe/Documents/asabe-robot-2023/install/asabe_robot_description/share/asabe_robot_description/world/models/Link_board.STL
[0.925s] -- Up-to-date symlink: /home/asabe/Documents/asabe-robot-2023/install/asabe_robot_description/share/asabe_robot_description/world/models/competition_board/mesh/competition_board.stl
[0.926s] -- Up-to-date symlink: /home/asabe/Documents/asabe-robot-2023/install/asabe_robot_description/share/asabe_robot_description/world/models/competition_board/mesh/competition_board1.stl
[0.928s] -- Up-to-date symlink: /home/asabe/Documents/asabe-robot-2023/install/asabe_robot_description/share/asabe_robot_description/world/models/competition_board/model.config
[0.929s] -- Up-to-date symlink: /home/asabe/Documents/asabe-robot-2023/install/asabe_robot_description/share/asabe_robot_description/world/models/competition_board/model.sdf
[0.930s] -- Up-to-date symlink: /home/asabe/Documents/asabe-robot-2023/install/asabe_robot_description/share/asabe_robot_description/world/models/ripe_ball/mesh/ripe_ball.STL
[0.930s] -- Up-to-date symlink: /home/asabe/Documents/asabe-robot-2023/install/asabe_robot_description/share/asabe_robot_description/world/models/ripe_ball/model.config
[0.931s] -- Up-to-date symlink: /home/asabe/Documents/asabe-robot-2023/install/asabe_robot_description/share/asabe_robot_description/world/models/ripe_ball/model.sdf
[0.932s] -- Up-to-date symlink: /home/asabe/Documents/asabe-robot-2023/install/asabe_robot_description/share/asabe_robot_description/world/models/unripe_ball/mesh/unripe_ball.STL
[0.933s] -- Up-to-date symlink: /home/asabe/Documents/asabe-robot-2023/install/asabe_robot_description/share/asabe_robot_description/world/models/unripe_ball/model.config
[0.934s] -- Up-to-date symlink: /home/asabe/Documents/asabe-robot-2023/install/asabe_robot_description/share/asabe_robot_description/world/models/unripe_ball/model.sdf
[0.935s] -- Up-to-date symlink: /home/asabe/Documents/asabe-robot-2023/install/asabe_robot_description/share/asabe_robot_description/maps/cotton_map.pgm
[0.936s] -- Up-to-date symlink: /home/asabe/Documents/asabe-robot-2023/install/asabe_robot_description/share/asabe_robot_description/maps/cotton_map.yaml
[0.936s] -- Up-to-date symlink: /home/asabe/Documents/asabe-robot-2023/install/asabe_robot_description/share/asabe_robot_description/maps/map.pgm
[0.937s] -- Up-to-date symlink: /home/asabe/Documents/asabe-robot-2023/install/asabe_robot_description/share/asabe_robot_description/maps/map.yaml
[0.938s] -- Up-to-date symlink: /home/asabe/Documents/asabe-robot-2023/install/asabe_robot_description/share/ament_index/resource_index/package_run_dependencies/asabe_robot_description
[0.939s] -- Up-to-date symlink: /home/asabe/Documents/asabe-robot-2023/install/asabe_robot_description/share/ament_index/resource_index/parent_prefix_path/asabe_robot_description
[0.940s] -- Up-to-date symlink: /home/asabe/Documents/asabe-robot-2023/install/asabe_robot_description/share/asabe_robot_description/environment/ament_prefix_path.sh
[0.941s] -- Up-to-date symlink: /home/asabe/Documents/asabe-robot-2023/install/asabe_robot_description/share/asabe_robot_description/environment/ament_prefix_path.dsv
[0.941s] -- Up-to-date symlink: /home/asabe/Documents/asabe-robot-2023/install/asabe_robot_description/share/asabe_robot_description/environment/path.sh
[0.942s] -- Up-to-date symlink: /home/asabe/Documents/asabe-robot-2023/install/asabe_robot_description/share/asabe_robot_description/environment/path.dsv
[0.943s] -- Up-to-date symlink: /home/asabe/Documents/asabe-robot-2023/install/asabe_robot_description/share/asabe_robot_description/local_setup.bash
[0.944s] -- Up-to-date symlink: /home/asabe/Documents/asabe-robot-2023/install/asabe_robot_description/share/asabe_robot_description/local_setup.sh
[0.945s] -- Up-to-date symlink: /home/asabe/Documents/asabe-robot-2023/install/asabe_robot_description/share/asabe_robot_description/local_setup.zsh
[0.947s] -- Up-to-date symlink: /home/asabe/Documents/asabe-robot-2023/install/asabe_robot_description/share/asabe_robot_description/local_setup.dsv
[0.948s] -- Symlinking: /home/asabe/Documents/asabe-robot-2023/install/asabe_robot_description/share/asabe_robot_description/package.dsv
[1.014s] -- Up-to-date symlink: /home/asabe/Documents/asabe-robot-2023/install/asabe_robot_description/share/ament_index/resource_index/packages/asabe_robot_description
[1.016s] -- Up-to-date symlink: /home/asabe/Documents/asabe-robot-2023/install/asabe_robot_description/share/asabe_robot_description/cmake/ament_cmake_export_dependencies-extras.cmake
[1.019s] -- Up-to-date symlink: /home/asabe/Documents/asabe-robot-2023/install/asabe_robot_description/share/asabe_robot_description/cmake/asabe_robot_descriptionConfig.cmake
[1.021s] -- Up-to-date symlink: /home/asabe/Documents/asabe-robot-2023/install/asabe_robot_description/share/asabe_robot_description/cmake/asabe_robot_descriptionConfig-version.cmake
[1.025s] -- Up-to-date symlink: /home/asabe/Documents/asabe-robot-2023/install/asabe_robot_description/share/asabe_robot_description/package.xml
[1.048s] Invoked command in '/home/asabe/Documents/asabe-robot-2023/build/asabe_robot_description' returned '0': CMAKE_PREFIX_PATH=${CMAKE_PREFIX_PATH}:/opt/ros/humble /usr/bin/cmake --install /home/asabe/Documents/asabe-robot-2023/build/asabe_robot_description
