[0.110s] Invoking command in '/home/asabe/Documents/asabe-robot-2023/build/asabe_robot_description': CMAKE_PREFIX_PATH=${CMAKE_PREFIX_PATH}:/opt/ros/humble /usr/bin/cmake --build /home/asabe/Documents/asabe-robot-2023/build/asabe_robot_description -- -j4 -l4
[0.365s] Invoked command in '/home/asabe/Documents/asabe-robot-2023/build/asabe_robot_description' returned '0': CMAKE_PREFIX_PATH=${CMAKE_PREFIX_PATH}:/opt/ros/humble /usr/bin/cmake --build /home/asabe/Documents/asabe-robot-2023/build/asabe_robot_description -- -j4 -l4
[0.603s] Invoking command in '/home/asabe/Documents/asabe-robot-2023/build/asabe_robot_description': CMAKE_PREFIX_PATH=${CMAKE_PREFIX_PATH}:/opt/ros/humble /usr/bin/cmake --install /home/asabe/Documents/asabe-robot-2023/build/asabe_robot_description
[0.654s] -- Install configuration: ""
[0.656s] -- Execute custom install script
[0.664s] -- Up-to-date symlink: /home/asabe/Documents/asabe-robot-2023/install/asabe_robot_description/share/asabe_robot_description/./CMakeLists.txt
[0.664s] -- Up-to-date symlink: /home/asabe/Documents/asabe-robot-2023/install/asabe_robot_description/share/asabe_robot_description/./config/control.yaml
[0.665s] -- Up-to-date symlink: /home/asabe/Documents/asabe-robot-2023/install/asabe_robot_description/share/asabe_robot_description/./config/ekf.yaml
[0.666s] -- Up-to-date symlink: /home/asabe/Documents/asabe-robot-2023/install/asabe_robot_description/share/asabe_robot_description/./config/nav.yaml
[0.667s] -- Up-to-date symlink: /home/asabe/Documents/asabe-robot-2023/install/asabe_robot_description/share/asabe_robot_description/./export.log
[0.668s] -- Up-to-date symlink: /home/asabe/Documents/asabe-robot-2023/install/asabe_robot_description/share/asabe_robot_description/./launch/control.launch.py
[0.669s] -- Up-to-date symlink: /home/asabe/Documents/asabe-robot-2023/install/asabe_robot_description/share/asabe_robot_description/./launch/control_mecanum.launch.py
[0.669s] -- Up-to-date symlink: /home/asabe/Documents/asabe-robot-2023/install/asabe_robot_description/share/asabe_robot_description/./launch/display.launch.py
[0.670s] -- Up-to-date symlink: /home/asabe/Documents/asabe-robot-2023/install/asabe_robot_description/share/asabe_robot_description/./launch/display_mecanum.launch.py
[0.671s] -- Up-to-date symlink: /home/asabe/Documents/asabe-robot-2023/install/asabe_robot_description/share/asabe_robot_description/./launch/gazebo.launch.py
[0.672s] -- Up-to-date symlink: /home/asabe/Documents/asabe-robot-2023/install/asabe_robot_description/share/asabe_robot_description/./launch/loc.launch.py
[0.673s] -- Up-to-date symlink: /home/asabe/Documents/asabe-robot-2023/install/asabe_robot_description/share/asabe_robot_description/./launch/localization_launch.py
[0.674s] -- Up-to-date symlink: /home/asabe/Documents/asabe-robot-2023/install/asabe_robot_description/share/asabe_robot_description/./launch/nav.launch.py
[0.675s] -- Up-to-date symlink: /home/asabe/Documents/asabe-robot-2023/install/asabe_robot_description/share/asabe_robot_description/./launch/nav2_bringup_launch.py
[0.676s] -- Up-to-date symlink: /home/asabe/Documents/asabe-robot-2023/install/asabe_robot_description/share/asabe_robot_description/./launch/navigation_launch.py
[0.676s] -- Up-to-date symlink: /home/asabe/Documents/asabe-robot-2023/install/asabe_robot_description/share/asabe_robot_description/./launch/slam_launch.py
[0.677s] -- Up-to-date symlink: /home/asabe/Documents/asabe-robot-2023/install/asabe_robot_description/share/asabe_robot_description/./maps/cotton_map.pgm
[0.678s] -- Up-to-date symlink: /home/asabe/Documents/asabe-robot-2023/install/asabe_robot_description/share/asabe_robot_description/./maps/cotton_map.yaml
[0.679s] -- Up-to-date symlink: /home/asabe/Documents/asabe-robot-2023/install/asabe_robot_description/share/asabe_robot_description/./maps/map.pgm
[0.680s] -- Up-to-date symlink: /home/asabe/Documents/asabe-robot-2023/install/asabe_robot_description/share/asabe_robot_description/./maps/map.yaml
[0.681s] -- Up-to-date symlink: /home/asabe/Documents/asabe-robot-2023/install/asabe_robot_description/share/asabe_robot_description/./meshes/Link_arm1.STL
[0.683s] -- Up-to-date symlink: /home/asabe/Documents/asabe-robot-2023/install/asabe_robot_description/share/asabe_robot_description/./meshes/Link_arm2.STL
[0.683s] -- Up-to-date symlink: /home/asabe/Documents/asabe-robot-2023/install/asabe_robot_description/share/asabe_robot_description/./meshes/Link_arm3.STL
[0.684s] -- Up-to-date symlink: /home/asabe/Documents/asabe-robot-2023/install/asabe_robot_description/share/asabe_robot_description/./meshes/Link_arm4.STL
[0.684s] -- Up-to-date symlink: /home/asabe/Documents/asabe-robot-2023/install/asabe_robot_description/share/asabe_robot_description/./meshes/Link_arm5.STL
[0.685s] -- Up-to-date symlink: /home/asabe/Documents/asabe-robot-2023/install/asabe_robot_description/share/asabe_robot_description/./meshes/Link_arm6.STL
[0.686s] -- Up-to-date symlink: /home/asabe/Documents/asabe-robot-2023/install/asabe_robot_description/share/asabe_robot_description/./meshes/Link_mecanum_wheel1.STL
[0.687s] -- Up-to-date symlink: /home/asabe/Documents/asabe-robot-2023/install/asabe_robot_description/share/asabe_robot_description/./meshes/Link_mecanum_wheel2.STL
[0.688s] -- Up-to-date symlink: /home/asabe/Documents/asabe-robot-2023/install/asabe_robot_description/share/asabe_robot_description/./meshes/Link_mecanum_wheel3.STL
[0.691s] -- Up-to-date symlink: /home/asabe/Documents/asabe-robot-2023/install/asabe_robot_description/share/asabe_robot_description/./meshes/Link_mecanum_wheel4.STL
[0.692s] -- Up-to-date symlink: /home/asabe/Documents/asabe-robot-2023/install/asabe_robot_description/share/asabe_robot_description/./meshes/Link_wheel1.STL
[0.693s] -- Up-to-date symlink: /home/asabe/Documents/asabe-robot-2023/install/asabe_robot_description/share/asabe_robot_description/./meshes/Link_wheel2.STL
[0.695s] -- Up-to-date symlink: /home/asabe/Documents/asabe-robot-2023/install/asabe_robot_description/share/asabe_robot_description/./meshes/Link_wheel3.STL
[0.697s] -- Up-to-date symlink: /home/asabe/Documents/asabe-robot-2023/install/asabe_robot_description/share/asabe_robot_description/./meshes/Link_wheel4.STL
[0.698s] -- Up-to-date symlink: /home/asabe/Documents/asabe-robot-2023/install/asabe_robot_description/share/asabe_robot_description/./meshes/base_link.STL
[0.698s] -- Up-to-date symlink: /home/asabe/Documents/asabe-robot-2023/install/asabe_robot_description/share/asabe_robot_description/./meshes/mecanum_base_link.STL
[0.699s] -- Up-to-date symlink: /home/asabe/Documents/asabe-robot-2023/install/asabe_robot_description/share/asabe_robot_description/./package.xml
[0.700s] -- Up-to-date symlink: /home/asabe/Documents/asabe-robot-2023/install/asabe_robot_description/share/asabe_robot_description/./rviz/nav.rviz
[0.701s] -- Up-to-date symlink: /home/asabe/Documents/asabe-robot-2023/install/asabe_robot_description/share/asabe_robot_description/./rviz/urdf.rviz
[0.701s] -- Up-to-date symlink: /home/asabe/Documents/asabe-robot-2023/install/asabe_robot_description/share/asabe_robot_description/./textures/none.txt
[0.702s] -- Up-to-date symlink: /home/asabe/Documents/asabe-robot-2023/install/asabe_robot_description/share/asabe_robot_description/./urdf/mecanum_robot_description.urdf
[0.703s] -- Up-to-date symlink: /home/asabe/Documents/asabe-robot-2023/install/asabe_robot_description/share/asabe_robot_description/./urdf/robot_description.urdf
[0.705s] -- Up-to-date symlink: /home/asabe/Documents/asabe-robot-2023/install/asabe_robot_description/share/asabe_robot_description/./urdf/robot_description_arm.urdf
[0.706s] -- Up-to-date symlink: /home/asabe/Documents/asabe-robot-2023/install/asabe_robot_description/share/asabe_robot_description/./urdf/robot_description_base.urdf
[0.706s] -- Up-to-date symlink: /home/asabe/Documents/asabe-robot-2023/install/asabe_robot_description/share/asabe_robot_description/./world/competition_board.world
[0.708s] -- Up-to-date symlink: /home/asabe/Documents/asabe-robot-2023/install/asabe_robot_description/share/asabe_robot_description/./world/empty_world.world
[0.712s] -- Up-to-date symlink: /home/asabe/Documents/asabe-robot-2023/install/asabe_robot_description/share/asabe_robot_description/./world/models/Link_board.STL
[0.717s] -- Up-to-date symlink: /home/asabe/Documents/asabe-robot-2023/install/asabe_robot_description/share/asabe_robot_description/./world/models/competition_board/mesh/competition_board.stl
[0.718s] -- Up-to-date symlink: /home/asabe/Documents/asabe-robot-2023/install/asabe_robot_description/share/asabe_robot_description/./world/models/competition_board/mesh/competition_board1.stl
[0.721s] -- Up-to-date symlink: /home/asabe/Documents/asabe-robot-2023/install/asabe_robot_description/share/asabe_robot_description/./world/models/competition_board/model.config
[0.722s] -- Up-to-date symlink: /home/asabe/Documents/asabe-robot-2023/install/asabe_robot_description/share/asabe_robot_description/./world/models/competition_board/model.sdf
[0.723s] -- Up-to-date symlink: /home/asabe/Documents/asabe-robot-2023/install/asabe_robot_description/share/asabe_robot_description/./world/models/ripe_ball/mesh/ripe_ball.STL
[0.725s] -- Up-to-date symlink: /home/asabe/Documents/asabe-robot-2023/install/asabe_robot_description/share/asabe_robot_description/./world/models/ripe_ball/model.config
[0.726s] -- Up-to-date symlink: /home/asabe/Documents/asabe-robot-2023/install/asabe_robot_description/share/asabe_robot_description/./world/models/ripe_ball/model.sdf
[0.727s] -- Up-to-date symlink: /home/asabe/Documents/asabe-robot-2023/install/asabe_robot_description/share/asabe_robot_description/./world/models/unripe_ball/mesh/unripe_ball.STL
[0.728s] -- Up-to-date symlink: /home/asabe/Documents/asabe-robot-2023/install/asabe_robot_description/share/asabe_robot_description/./world/models/unripe_ball/model.config
[0.732s] -- Up-to-date symlink: /home/asabe/Documents/asabe-robot-2023/install/asabe_robot_description/share/asabe_robot_description/./world/models/unripe_ball/model.sdf
[0.734s] -- Up-to-date symlink: /home/asabe/Documents/asabe-robot-2023/install/asabe_robot_description/share/asabe_robot_description/launch/control.launch.py
[0.734s] -- Up-to-date symlink: /home/asabe/Documents/asabe-robot-2023/install/asabe_robot_description/share/asabe_robot_description/launch/control_mecanum.launch.py
[0.735s] -- Up-to-date symlink: /home/asabe/Documents/asabe-robot-2023/install/asabe_robot_description/share/asabe_robot_description/launch/display.launch.py
[0.736s] -- Up-to-date symlink: /home/asabe/Documents/asabe-robot-2023/install/asabe_robot_description/share/asabe_robot_description/launch/display_mecanum.launch.py
[0.736s] -- Up-to-date symlink: /home/asabe/Documents/asabe-robot-2023/install/asabe_robot_description/share/asabe_robot_description/launch/gazebo.launch.py
[0.737s] -- Up-to-date symlink: /home/asabe/Documents/asabe-robot-2023/install/asabe_robot_description/share/asabe_robot_description/launch/loc.launch.py
[0.737s] -- Up-to-date symlink: /home/asabe/Documents/asabe-robot-2023/install/asabe_robot_description/share/asabe_robot_description/launch/localization_launch.py
[0.738s] -- Up-to-date symlink: /home/asabe/Documents/asabe-robot-2023/install/asabe_robot_description/share/asabe_robot_description/launch/nav.launch.py
[0.738s] -- Up-to-date symlink: /home/asabe/Documents/asabe-robot-2023/install/asabe_robot_description/share/asabe_robot_description/launch/nav2_bringup_launch.py
[0.739s] -- Up-to-date symlink: /home/asabe/Documents/asabe-robot-2023/install/asabe_robot_description/share/asabe_robot_description/launch/navigation_launch.py
[0.739s] -- Up-to-date symlink: /home/asabe/Documents/asabe-robot-2023/install/asabe_robot_description/share/asabe_robot_description/launch/slam_launch.py
[0.741s] -- Up-to-date symlink: /home/asabe/Documents/asabe-robot-2023/install/asabe_robot_description/share/asabe_robot_description/rviz/nav.rviz
[0.742s] -- Up-to-date symlink: /home/asabe/Documents/asabe-robot-2023/install/asabe_robot_description/share/asabe_robot_description/rviz/urdf.rviz
[0.743s] -- Up-to-date symlink: /home/asabe/Documents/asabe-robot-2023/install/asabe_robot_description/share/asabe_robot_description/config/control.yaml
[0.744s] -- Up-to-date symlink: /home/asabe/Documents/asabe-robot-2023/install/asabe_robot_description/share/asabe_robot_description/config/ekf.yaml
[0.746s] -- Up-to-date symlink: /home/asabe/Documents/asabe-robot-2023/install/asabe_robot_description/share/asabe_robot_description/config/nav.yaml
[0.748s] -- Up-to-date symlink: /home/asabe/Documents/asabe-robot-2023/install/asabe_robot_description/share/asabe_robot_description/meshes/Link_arm1.STL
[0.749s] -- Up-to-date symlink: /home/asabe/Documents/asabe-robot-2023/install/asabe_robot_description/share/asabe_robot_description/meshes/Link_arm2.STL
[0.750s] -- Up-to-date symlink: /home/asabe/Documents/asabe-robot-2023/install/asabe_robot_description/share/asabe_robot_description/meshes/Link_arm3.STL
[0.750s] -- Up-to-date symlink: /home/asabe/Documents/asabe-robot-2023/install/asabe_robot_description/share/asabe_robot_description/meshes/Link_arm4.STL
[0.751s] -- Up-to-date symlink: /home/asabe/Documents/asabe-robot-2023/install/asabe_robot_description/share/asabe_robot_description/meshes/Link_arm5.STL
[0.752s] -- Up-to-date symlink: /home/asabe/Documents/asabe-robot-2023/install/asabe_robot_description/share/asabe_robot_description/meshes/Link_arm6.STL
[0.753s] -- Up-to-date symlink: /home/asabe/Documents/asabe-robot-2023/install/asabe_robot_description/share/asabe_robot_description/meshes/Link_mecanum_wheel1.STL
[0.754s] -- Up-to-date symlink: /home/asabe/Documents/asabe-robot-2023/install/asabe_robot_description/share/asabe_robot_description/meshes/Link_mecanum_wheel2.STL
[0.755s] -- Up-to-date symlink: /home/asabe/Documents/asabe-robot-2023/install/asabe_robot_description/share/asabe_robot_description/meshes/Link_mecanum_wheel3.STL
[0.756s] -- Up-to-date symlink: /home/asabe/Documents/asabe-robot-2023/install/asabe_robot_description/share/asabe_robot_description/meshes/Link_mecanum_wheel4.STL
[0.757s] -- Up-to-date symlink: /home/asabe/Documents/asabe-robot-2023/install/asabe_robot_description/share/asabe_robot_description/meshes/Link_wheel1.STL
[0.757s] -- Up-to-date symlink: /home/asabe/Documents/asabe-robot-2023/install/asabe_robot_description/share/asabe_robot_description/meshes/Link_wheel2.STL
[0.758s] -- Up-to-date symlink: /home/asabe/Documents/asabe-robot-2023/install/asabe_robot_description/share/asabe_robot_description/meshes/Link_wheel3.STL
[0.759s] -- Up-to-date symlink: /home/asabe/Documents/asabe-robot-2023/install/asabe_robot_description/share/asabe_robot_description/meshes/Link_wheel4.STL
[0.760s] -- Up-to-date symlink: /home/asabe/Documents/asabe-robot-2023/install/asabe_robot_description/share/asabe_robot_description/meshes/base_link.STL
[0.761s] -- Up-to-date symlink: /home/asabe/Documents/asabe-robot-2023/install/asabe_robot_description/share/asabe_robot_description/meshes/mecanum_base_link.STL
[0.763s] -- Up-to-date symlink: /home/asabe/Documents/asabe-robot-2023/install/asabe_robot_description/share/asabe_robot_description/urdf/mecanum_robot_description.urdf
[0.763s] -- Up-to-date symlink: /home/asabe/Documents/asabe-robot-2023/install/asabe_robot_description/share/asabe_robot_description/urdf/robot_description.urdf
[0.764s] -- Up-to-date symlink: /home/asabe/Documents/asabe-robot-2023/install/asabe_robot_description/share/asabe_robot_description/urdf/robot_description_arm.urdf
[0.765s] -- Up-to-date symlink: /home/asabe/Documents/asabe-robot-2023/install/asabe_robot_description/share/asabe_robot_description/urdf/robot_description_base.urdf
[0.767s] -- Up-to-date symlink: /home/asabe/Documents/asabe-robot-2023/install/asabe_robot_description/share/asabe_robot_description/textures/none.txt
[0.770s] -- Up-to-date symlink: /home/asabe/Documents/asabe-robot-2023/install/asabe_robot_description/share/asabe_robot_description/world/competition_board.world
[0.771s] -- Up-to-date symlink: /home/asabe/Documents/asabe-robot-2023/install/asabe_robot_description/share/asabe_robot_description/world/empty_world.world
[0.772s] -- Up-to-date symlink: /home/asabe/Documents/asabe-robot-2023/install/asabe_robot_description/share/asabe_robot_description/world/models/Link_board.STL
[0.773s] -- Up-to-date symlink: /home/asabe/Documents/asabe-robot-2023/install/asabe_robot_description/share/asabe_robot_description/world/models/competition_board/mesh/competition_board.stl
[0.774s] -- Up-to-date symlink: /home/asabe/Documents/asabe-robot-2023/install/asabe_robot_description/share/asabe_robot_description/world/models/competition_board/mesh/competition_board1.stl
[0.775s] -- Up-to-date symlink: /home/asabe/Documents/asabe-robot-2023/install/asabe_robot_description/share/asabe_robot_description/world/models/competition_board/model.config
[0.776s] -- Up-to-date symlink: /home/asabe/Documents/asabe-robot-2023/install/asabe_robot_description/share/asabe_robot_description/world/models/competition_board/model.sdf
[0.777s] -- Up-to-date symlink: /home/asabe/Documents/asabe-robot-2023/install/asabe_robot_description/share/asabe_robot_description/world/models/ripe_ball/mesh/ripe_ball.STL
[0.778s] -- Up-to-date symlink: /home/asabe/Documents/asabe-robot-2023/install/asabe_robot_description/share/asabe_robot_description/world/models/ripe_ball/model.config
[0.779s] -- Up-to-date symlink: /home/asabe/Documents/asabe-robot-2023/install/asabe_robot_description/share/asabe_robot_description/world/models/ripe_ball/model.sdf
[0.780s] -- Up-to-date symlink: /home/asabe/Documents/asabe-robot-2023/install/asabe_robot_description/share/asabe_robot_description/world/models/unripe_ball/mesh/unripe_ball.STL
[0.781s] -- Up-to-date symlink: /home/asabe/Documents/asabe-robot-2023/install/asabe_robot_description/share/asabe_robot_description/world/models/unripe_ball/model.config
[0.782s] -- Up-to-date symlink: /home/asabe/Documents/asabe-robot-2023/install/asabe_robot_description/share/asabe_robot_description/world/models/unripe_ball/model.sdf
[0.784s] -- Up-to-date symlink: /home/asabe/Documents/asabe-robot-2023/install/asabe_robot_description/share/asabe_robot_description/maps/cotton_map.pgm
[0.785s] -- Up-to-date symlink: /home/asabe/Documents/asabe-robot-2023/install/asabe_robot_description/share/asabe_robot_description/maps/cotton_map.yaml
[0.785s] -- Up-to-date symlink: /home/asabe/Documents/asabe-robot-2023/install/asabe_robot_description/share/asabe_robot_description/maps/map.pgm
[0.786s] -- Up-to-date symlink: /home/asabe/Documents/asabe-robot-2023/install/asabe_robot_description/share/asabe_robot_description/maps/map.yaml
[0.788s] -- Up-to-date symlink: /home/asabe/Documents/asabe-robot-2023/install/asabe_robot_description/share/ament_index/resource_index/package_run_dependencies/asabe_robot_description
[0.789s] -- Up-to-date symlink: /home/asabe/Documents/asabe-robot-2023/install/asabe_robot_description/share/ament_index/resource_index/parent_prefix_path/asabe_robot_description
[0.792s] -- Up-to-date symlink: /home/asabe/Documents/asabe-robot-2023/install/asabe_robot_description/share/asabe_robot_description/environment/ament_prefix_path.sh
[0.793s] -- Up-to-date symlink: /home/asabe/Documents/asabe-robot-2023/install/asabe_robot_description/share/asabe_robot_description/environment/ament_prefix_path.dsv
[0.794s] -- Up-to-date symlink: /home/asabe/Documents/asabe-robot-2023/install/asabe_robot_description/share/asabe_robot_description/environment/path.sh
[0.795s] -- Up-to-date symlink: /home/asabe/Documents/asabe-robot-2023/install/asabe_robot_description/share/asabe_robot_description/environment/path.dsv
[0.796s] -- Up-to-date symlink: /home/asabe/Documents/asabe-robot-2023/install/asabe_robot_description/share/asabe_robot_description/local_setup.bash
[0.797s] -- Up-to-date symlink: /home/asabe/Documents/asabe-robot-2023/install/asabe_robot_description/share/asabe_robot_description/local_setup.sh
[0.798s] -- Up-to-date symlink: /home/asabe/Documents/asabe-robot-2023/install/asabe_robot_description/share/asabe_robot_description/local_setup.zsh
[0.800s] -- Up-to-date symlink: /home/asabe/Documents/asabe-robot-2023/install/asabe_robot_description/share/asabe_robot_description/local_setup.dsv
[0.801s] -- Symlinking: /home/asabe/Documents/asabe-robot-2023/install/asabe_robot_description/share/asabe_robot_description/package.dsv
[0.855s] -- Up-to-date symlink: /home/asabe/Documents/asabe-robot-2023/install/asabe_robot_description/share/ament_index/resource_index/packages/asabe_robot_description
[0.856s] -- Up-to-date symlink: /home/asabe/Documents/asabe-robot-2023/install/asabe_robot_description/share/asabe_robot_description/cmake/ament_cmake_export_dependencies-extras.cmake
[0.857s] -- Up-to-date symlink: /home/asabe/Documents/asabe-robot-2023/install/asabe_robot_description/share/asabe_robot_description/cmake/asabe_robot_descriptionConfig.cmake
[0.858s] -- Up-to-date symlink: /home/asabe/Documents/asabe-robot-2023/install/asabe_robot_description/share/asabe_robot_description/cmake/asabe_robot_descriptionConfig-version.cmake
[0.859s] -- Up-to-date symlink: /home/asabe/Documents/asabe-robot-2023/install/asabe_robot_description/share/asabe_robot_description/package.xml
[0.868s] Invoked command in '/home/asabe/Documents/asabe-robot-2023/build/asabe_robot_description' returned '0': CMAKE_PREFIX_PATH=${CMAKE_PREFIX_PATH}:/opt/ros/humble /usr/bin/cmake --install /home/asabe/Documents/asabe-robot-2023/build/asabe_robot_description
